<?xml version="1.0" encoding="UTF-8"?>
<testsuite name="ru.stqa.pft.addressbook.GroupCreateTests" tests="1" skipped="0" failures="0" errors="0" timestamp="2021-07-18T08:19:06" hostname="DESKTOP-IFPGAG0" time="0.953">
  <properties/>
  <testcase name="testGroupCreation" classname="ru.stqa.pft.addressbook.GroupCreateTests" time="0.953"/>
  <system-out><![CDATA[]]></system-out>
  <system-err><![CDATA[SLF4J: Failed to load class "org.slf4j.impl.StaticLoggerBinder".
SLF4J: Defaulting to no-operation (NOP) logger implementation
SLF4J: See http://www.slf4j.org/codes.html#StaticLoggerBinder for further details.
1626596342118	geckodriver	INFO	Listening on 127.0.0.1:29502
1626596342891	mozrunner::runner	INFO	Running command: "C:\\Program Files\\Mozilla Firefox\\firefox.exe" "--marionette" "--remote-debugging-port" "0" "-foreground" "-no-remote" "-profile" "C:\\Users\\89896\\AppData\\Local\\Temp\\rust_mozprofilePYp6Mz"
1626596343187	Marionette	INFO	Marionette enabled
console.warn: SearchSettings: "get: No settings file exists, new profile?" (new NotFoundError("Could not open the file at C:\\Users\\89896\\AppData\\Local\\Temp\\rust_mozprofilePYp6Mz\\search.json.mozlz4", (void 0)))
DevTools listening on ws://localhost:49421/devtools/browser/3e13545c-aa65-4449-9f92-a19a77fb002d
1626596344850	Marionette	INFO	Listening on port 49407
1626596344961	Marionette	WARN	TLS certificate errors will be ignored for this session
июл 18, 2021 11:19:05 AM org.openqa.selenium.remote.ProtocolHandshake createSession
INFO: Detected dialect: W3C
]]></system-err>
</testsuite>
