<?xml version="1.0" encoding="UTF-8"?>
<testsuite name="ru.stqa.pft.addressbook.tests.GroupModificationTest" tests="1" skipped="0" failures="0" errors="0" timestamp="2021-07-19T10:20:40" hostname="DESKTOP-IFPGAG0" time="1.104">
  <properties/>
  <testcase name="TestGroupModification" classname="ru.stqa.pft.addressbook.tests.GroupModificationTest" time="1.104"/>
  <system-out><![CDATA[]]></system-out>
  <system-err><![CDATA[SLF4J: Failed to load class "org.slf4j.impl.StaticLoggerBinder".
SLF4J: Defaulting to no-operation (NOP) logger implementation
SLF4J: See http://www.slf4j.org/codes.html#StaticLoggerBinder for further details.
1626690036745	geckodriver	INFO	Listening on 127.0.0.1:9265
1626690037509	mozrunner::runner	INFO	Running command: "C:\\Program Files\\Mozilla Firefox\\firefox.exe" "--marionette" "--remote-debugging-port" "0" "-foreground" "-no-remote" "-profile" "C:\\Users\\89896\\AppData\\Local\\Temp\\rust_mozprofile8etpfn"
1626690037921	Marionette	INFO	Marionette enabled
console.warn: SearchSettings: "get: No settings file exists, new profile?" (new NotFoundError("Could not open the file at C:\\Users\\89896\\AppData\\Local\\Temp\\rust_mozprofile8etpfn\\search.json.mozlz4", (void 0)))
DevTools listening on ws://localhost:52671/devtools/browser/755de3b8-f6d7-4e32-8848-f4b3b16f7884
1626690039596	Marionette	INFO	Listening on port 52656
1626690039675	Marionette	WARN	TLS certificate errors will be ignored for this session
июл 19, 2021 1:20:39 PM org.openqa.selenium.remote.ProtocolHandshake createSession
INFO: Detected dialect: W3C
1626690041494	Marionette	INFO	Stopped listening on port 52656
!!! error running onStopped callback: TypeError: callback is not a function

###!!! [Child][RunMessage] Error: Channel closing: too late to send/recv, messages will be lost

1626690041838	RemoteAgent	ERROR	unable to stop listener: [Exception... "Component returned failure code: 0x8000ffff (NS_ERROR_UNEXPECTED) [nsIWindowMediator.getEnumerator]"  nsresult: "0x8000ffff (NS_ERROR_UNEXPECTED)"  location: "JS frame :: chrome://remote/content/cdp/observers/TargetObserver.jsm :: stop :: line 64"  data: no] Stack trace: stop()@TargetObserver.jsm:64
unwatchForTabs()@TargetList.jsm:70
unwatchForTargets()@TargetList.jsm:37
destructor()@TargetList.jsm:109
close()@RemoteAgent.jsm:129
]]></system-err>
</testsuite>
